<?xml version="1.0" encoding="UTF-8"?>
<testng-results skipped="0" failed="1" ignored="0" total="2" passed="1">
  <reporter-output>
    <line>
      <![CDATA[Chrome Browser launched successfully]]>
    </line>
    <line>
      <![CDATA[Browser is now closed]]>
    </line>
    <line>
      <![CDATA[Driver is now successfully shut-down]]>
    </line>
  </reporter-output>
  <suite name="Suite" duration-ms="185138" started-at="2020-05-25T12:07:25Z" finished-at="2020-05-25T12:10:30Z">
    <groups>
    </groups>
    <test name="Test" duration-ms="185138" started-at="2020-05-25T12:07:25Z" finished-at="2020-05-25T12:10:30Z">
      <class name="com.assignment.testCases.RestaurantPageTest">
        <test-method status="PASS" signature="setUp()[pri:0, instance:com.assignment.testCases.RestaurantPageTest@6156496]" name="setUp" is-config="true" duration-ms="33528" started-at="2020-05-25T12:07:25Z" finished-at="2020-05-25T12:07:59Z">
          <reporter-output>
            <line>
              <![CDATA[Chrome Browser launched successfully]]>
            </line>
          </reporter-output>
        </test-method> <!-- setUp -->
        <test-method status="PASS" signature="PopularRestaurantsTest()[pri:0, instance:com.assignment.testCases.RestaurantPageTest@6156496]" name="PopularRestaurantsTest" duration-ms="88088" started-at="2020-05-25T12:07:59Z" description="Test Case to open &#039;Last Near-by Restaurant in a new tab" finished-at="2020-05-25T12:09:27Z">
          <reporter-output>
          </reporter-output>
        </test-method> <!-- PopularRestaurantsTest -->
        <test-method status="PASS" signature="beforeMethod()[pri:0, instance:com.assignment.testCases.RestaurantPageTest@6156496]" name="beforeMethod" is-config="true" duration-ms="0" started-at="2020-05-25T12:07:59Z" finished-at="2020-05-25T12:07:59Z">
          <reporter-output>
          </reporter-output>
        </test-method> <!-- beforeMethod -->
        <test-method status="PASS" signature="getResult(org.testng.ITestResult)[pri:0, instance:com.assignment.testCases.RestaurantPageTest@6156496]" name="getResult" is-config="true" duration-ms="352" started-at="2020-05-25T12:09:27Z" finished-at="2020-05-25T12:09:27Z">
          <params>
            <param index="0">
              <value>
                <![CDATA[[TestResult name=PopularRestaurantsTest status=SUCCESS method=RestaurantPageTest.PopularRestaurantsTest()[pri:0, instance:com.assignment.testCases.RestaurantPageTest@6156496] output={null}]]]>
              </value>
            </param>
          </params>
          <reporter-output>
          </reporter-output>
        </test-method> <!-- getResult -->
        <test-method status="PASS" signature="beforeMethod()[pri:0, instance:com.assignment.testCases.RestaurantPageTest@6156496]" name="beforeMethod" is-config="true" duration-ms="1" started-at="2020-05-25T12:09:27Z" finished-at="2020-05-25T12:09:27Z">
          <reporter-output>
          </reporter-output>
        </test-method> <!-- beforeMethod -->
        <test-method status="FAIL" signature="AvailableRestaurantsTest()[pri:1, instance:com.assignment.testCases.RestaurantPageTest@6156496]" name="AvailableRestaurantsTest" duration-ms="35293" started-at="2020-05-25T12:09:27Z" description="Test Case for &#039;Data-Scrapping&#039; and verification of duplication of Restaurants" finished-at="2020-05-25T12:10:03Z">
          <exception class="java.lang.AssertionError">
            <message>
              <![CDATA[The following asserts failed:
Duplicate restaurants appears in the list of Restaurants. expected [false] but found [true]]]>
            </message>
            <full-stacktrace>
              <![CDATA[java.lang.AssertionError: The following asserts failed:
Duplicate restaurants appears in the list of Restaurants. expected [false] but found [true]
at org.testng.asserts.SoftAssert.assertAll(SoftAssert.java:43)
at com.assignment.testCases.RestaurantPageTest.AvailableRestaurantsTest(RestaurantPageTest.java:105)
at sun.reflect.NativeMethodAccessorImpl.invoke0(Native Method)
at sun.reflect.NativeMethodAccessorImpl.invoke(Unknown Source)
at sun.reflect.DelegatingMethodAccessorImpl.invoke(Unknown Source)
at java.lang.reflect.Method.invoke(Unknown Source)
at org.testng.internal.MethodInvocationHelper.invokeMethod(MethodInvocationHelper.java:124)
at org.testng.internal.Invoker.invokeMethod(Invoker.java:583)
at org.testng.internal.Invoker.invokeTestMethod(Invoker.java:719)
at org.testng.internal.Invoker.invokeTestMethods(Invoker.java:989)
at org.testng.internal.TestMethodWorker.invokeTestMethods(TestMethodWorker.java:125)
at org.testng.internal.TestMethodWorker.run(TestMethodWorker.java:109)
at org.testng.TestRunner.privateRun(TestRunner.java:648)
at org.testng.TestRunner.run(TestRunner.java:505)
at org.testng.SuiteRunner.runTest(SuiteRunner.java:455)
at org.testng.SuiteRunner.runSequentially(SuiteRunner.java:450)
at org.testng.SuiteRunner.privateRun(SuiteRunner.java:415)
at org.testng.SuiteRunner.run(SuiteRunner.java:364)
at org.testng.SuiteRunnerWorker.runSuite(SuiteRunnerWorker.java:52)
at org.testng.SuiteRunnerWorker.run(SuiteRunnerWorker.java:84)
at org.testng.TestNG.runSuitesSequentially(TestNG.java:1208)
at org.testng.TestNG.runSuitesLocally(TestNG.java:1137)
at org.testng.TestNG.runSuites(TestNG.java:1049)
at org.testng.TestNG.run(TestNG.java:1017)
at org.testng.remote.AbstractRemoteTestNG.run(AbstractRemoteTestNG.java:115)
at org.testng.remote.RemoteTestNG.initAndRun(RemoteTestNG.java:251)
at org.testng.remote.RemoteTestNG.main(RemoteTestNG.java:77)
]]>
            </full-stacktrace>
          </exception> <!-- java.lang.AssertionError -->
          <reporter-output>
          </reporter-output>
        </test-method> <!-- AvailableRestaurantsTest -->
        <test-method status="PASS" signature="getResult(org.testng.ITestResult)[pri:0, instance:com.assignment.testCases.RestaurantPageTest@6156496]" name="getResult" is-config="true" duration-ms="1778" started-at="2020-05-25T12:10:03Z" finished-at="2020-05-25T12:10:05Z">
          <params>
            <param index="0">
              <value>
                <![CDATA[[TestResult name=AvailableRestaurantsTest status=FAILURE method=RestaurantPageTest.AvailableRestaurantsTest()[pri:1, instance:com.assignment.testCases.RestaurantPageTest@6156496] output={null}]]]>
              </value>
            </param>
          </params>
          <reporter-output>
          </reporter-output>
        </test-method> <!-- getResult -->
        <test-method status="PASS" signature="tearDown()[pri:0, instance:com.assignment.testCases.RestaurantPageTest@6156496]" name="tearDown" is-config="true" duration-ms="25764" started-at="2020-05-25T12:10:05Z" finished-at="2020-05-25T12:10:30Z">
          <reporter-output>
            <line>
              <![CDATA[Browser is now closed]]>
            </line>
            <line>
              <![CDATA[Driver is now successfully shut-down]]>
            </line>
          </reporter-output>
        </test-method> <!-- tearDown -->
      </class> <!-- com.assignment.testCases.RestaurantPageTest -->
    </test> <!-- Test -->
  </suite> <!-- Suite -->
</testng-results>
